<?xml version="1.0" encoding="UTF-8" ?>
<testsuite tests="6" failures="0" name="fi.tuni.prog3.junitattainment.AttainmentTest" time="0.032" errors="0" skipped="0">
  <properties>
[...]
</properties>
  <testcase classname="fi.tuni.prog3.junitattainment.AttainmentTest" name="fi.tuni.prog3.junitattainment.AttainmentTest.testGetStudentNumber" time="0.019"/>
  <testcase classname="fi.tuni.prog3.junitattainment.AttainmentTest" name="fi.tuni.prog3.junitattainment.AttainmentTest.testExceptionThrown" time="0.008"/>
  <testcase classname="fi.tuni.prog3.junitattainment.AttainmentTest" name="fi.tuni.prog3.junitattainment.AttainmentTest.testGetCourseCode" time="0"/>
  <testcase classname="fi.tuni.prog3.junitattainment.AttainmentTest" name="fi.tuni.prog3.junitattainment.AttainmentTest.testGetGrade" time="0"/>
  <testcase classname="fi.tuni.prog3.junitattainment.AttainmentTest" name="fi.tuni.prog3.junitattainment.AttainmentTest.testToString" time="0.004"/>
  <testcase classname="fi.tuni.prog3.junitattainment.AttainmentTest" name="fi.tuni.prog3.junitattainment.AttainmentTest.testCompareTo" time="0.001"/>
</testsuite>